<?xml version="1.0" encoding="UTF-8"?>
<!-- Generated by org.testng.reporters.JUnitReportReporter -->
<testsuite hostname="Ashok-PC" name="com.pack.MavenJunkinsTestCase" tests="1" failures="0" timestamp="10 Oct 2016 13:41:02 GMT" time="0.346" errors="0">
  <testcase name="enterText" time="0.346" classname="com.pack.MavenJunkinsTestCase"/>
</testsuite> <!-- com.pack.MavenJunkinsTestCase -->
